<?xml version="1.0" encoding="UTF-8" ?>
<testsuite tests="17" failures="0" name="com.bdd.MavenProjectCucumber.TestCukeRunner" time="0.012" errors="0" skipped="0">
  <properties>
[...]
</properties>
  <testcase classname="| &quot;https://www.cleartrip.com/&quot; | &quot;chrome&quot; | Pass | &quot;Goa&quot; | &quot;Hyderabad&quot; |" name="Given I want to load the browser &quot;chrome&quot;" time="0.006"/>
  <testcase classname="| &quot;https://www.cleartrip.com/&quot; | &quot;chrome&quot; | Pass | &quot;Goa&quot; | &quot;Hyderabad&quot; |" name="When I enter the url &quot;https://www.cleartrip.com/&quot; in step" time="0.001"/>
  <testcase classname="| &quot;https://www.cleartrip.com/&quot; | &quot;chrome&quot; | Pass | &quot;Goa&quot; | &quot;Hyderabad&quot; |" name="Then I verify the the Pass in step with the loaded url" time="0"/>
  <testcase classname="| &quot;https://www.cleartrip.com/&quot; | &quot;chrome&quot; | Pass | &quot;Goa&quot; | &quot;Hyderabad&quot; |" name="Then I start my journey from city &quot;Goa&quot; to City &quot;Hyderabad&quot;" time="0"/>
  <testcase classname="| &quot;https://www.cleartrip.com/&quot; | &quot;chrome&quot; | Pass | &quot;Goa&quot; | &quot;Hyderabad&quot; |" name="Then I click Enter the date" time="0.001"/>
  <testcase classname="| &quot;https://www.cleartrip.com/&quot; | &quot;chrome&quot; | Pass | &quot;Goa&quot; | &quot;Hyderabad&quot; |" name="Then I click the search button" time="0"/>
  <testcase classname="| &quot;https://www.cleartrip.com/&quot; | &quot;chrome&quot; | Pass | &quot;Goa&quot; | &quot;Hyderabad&quot; |" name="| &quot;https://www.cleartrip.com/&quot; | &quot;chrome&quot; | Pass | &quot;Goa&quot; | &quot;Hyderabad&quot; |" time="0.001"/>
  <testcase classname="Scenario: Search for flights on cleartrip.com" name="Given I want to populate FlightRates" time="0"/>
  <testcase classname="Scenario: Search for flights on cleartrip.com" name="When the fare seems high" time="0.001"/>
  <testcase classname="Scenario: Search for flights on cleartrip.com" name="Then I close the fare alert" time="0"/>
  <testcase classname="Scenario: Search for flights on cleartrip.com" name="Scenario: Search for flights on cleartrip.com" time="0.001"/>
  <testcase classname="| jhs7845@a3juhtbcc.com | 7845877849 |" name="Given I start looking at the page" time="0"/>
  <testcase classname="| jhs7845@a3juhtbcc.com | 7845877849 |" name="When I directly click on the setalert button" time="0.001"/>
  <testcase classname="| jhs7845@a3juhtbcc.com | 7845877849 |" name="Then I verify that it asks me for entering the emailid" time="0"/>
  <testcase classname="| jhs7845@a3juhtbcc.com | 7845877849 |" name="Then I enter the email idjhs7845@a3juhtbcc.com and phone number7845877849" time="0"/>
  <testcase classname="| jhs7845@a3juhtbcc.com | 7845877849 |" name="Then I confirm the alert is set with jhs7845@a3juhtbcc.com and 7845877849" time="0"/>
  <testcase classname="| jhs7845@a3juhtbcc.com | 7845877849 |" name="| jhs7845@a3juhtbcc.com | 7845877849 |" time="0"/>
</testsuite>